2025-05-05 17:37:26,164 - INFO - Starting newspaper translation process
2025-05-05 17:37:26,165 - INFO - Input folder: input
2025-05-05 17:37:26,165 - INFO - Output folder: output
2025-05-05 17:37:26,165 - INFO - Target language: es
2025-05-05 17:37:26,204 - INFO - Created output folder: output
2025-05-05 17:40:40,010 - INFO - Starting newspaper translation process
2025-05-05 17:40:40,011 - INFO - Input folder: input
2025-05-05 17:40:40,011 - INFO - Output folder: output
2025-05-05 17:40:40,011 - INFO - Target language: es
2025-05-05 17:40:40,044 - INFO - Found 1 image(s) to process
2025-05-05 17:40:40,044 - INFO - Processing image: input.jpeg
2025-05-05 17:40:40,044 - INFO - Extracting text from input/input.jpeg
2025-05-05 17:40:41,255 - ERROR - OCR error: tesseract is not installed or it's not in your PATH. See README file for more information.
2025-05-05 17:40:41,255 - ERROR - Error processing input.jpeg: tesseract is not installed or it's not in your PATH. See README file for more information.
2025-05-05 17:40:41,255 - INFO - Process completed
2025-05-05 17:56:51,821 - INFO - Starting newspaper translation process
2025-05-05 17:56:51,822 - INFO - Input folder: input
2025-05-05 17:56:51,822 - INFO - Output folder: output
2025-05-05 17:56:51,822 - INFO - Target language: es
2025-05-05 17:56:51,867 - INFO - Found 1 image(s) to process
2025-05-05 17:56:51,867 - INFO - Processing image: input.jpeg
2025-05-05 17:56:51,867 - INFO - Extracting text from input/input.jpeg
2025-05-05 17:56:56,166 - INFO - Extracted 153 words
2025-05-05 17:56:56,166 - INFO - Translating text to es
2025-05-05 17:56:59,284 - INFO - Translation completed
2025-05-05 17:56:59,285 - INFO - Saved results to output/input_original.txt and output/input_translated.txt
2025-05-05 17:56:59,285 - INFO - Successfully processed input.jpeg
2025-05-05 17:56:59,285 - INFO - Process completed
2025-05-05 17:59:07,599 - INFO - Starting newspaper translation process
2025-05-05 17:59:07,599 - INFO - Input folder: input
2025-05-05 17:59:07,599 - INFO - Output folder: output
2025-05-05 17:59:07,599 - INFO - Target language: te
2025-05-05 17:59:07,625 - INFO - Found 1 image(s) to process
2025-05-05 17:59:07,626 - INFO - Processing image: input.jpeg
2025-05-05 17:59:07,626 - INFO - Extracting text from input/input.jpeg
2025-05-05 17:59:09,159 - INFO - Extracted 153 words
2025-05-05 17:59:09,159 - INFO - Translating text to te
2025-05-05 17:59:12,309 - INFO - Translation completed
2025-05-05 17:59:12,310 - INFO - Saved results to output/input_original.txt and output/input_translated.txt
2025-05-05 17:59:12,310 - INFO - Successfully processed input.jpeg
2025-05-05 17:59:12,310 - INFO - Process completed
